<?xml version="1.0" encoding="UTF-8"?>
<testng-results ignored="0" total="1" passed="1" failed="0" skipped="0">
  <reporter-output>
  </reporter-output>
  <suite started-at="2023-09-01T08:53:50 IST" name="Default suite" finished-at="2023-09-01T08:54:01 IST" duration-ms="11090">
    <groups>
    </groups>
    <test started-at="2023-09-01T08:53:50 IST" name="Default test" finished-at="2023-09-01T08:54:01 IST" duration-ms="11090">
      <class name="briq_B_assignment.upload_attachment_B_2">
        <test-method is-config="true" signature="launch_browser()[pri:0, instance:briq_B_assignment.upload_attachment_B_2@799f10e1]" started-at="2023-09-01T08:53:50 IST" name="launch_browser" finished-at="2023-09-01T08:53:56 IST" duration-ms="5635" status="PASS">
          <reporter-output>
          </reporter-output>
        </test-method> <!-- launch_browser -->
        <test-method signature="upload_attachment_from_the_downloaded_non_png_file()[pri:0, instance:briq_B_assignment.upload_attachment_B_2@799f10e1]" started-at="2023-09-01T08:53:56 IST" name="upload_attachment_from_the_downloaded_non_png_file" finished-at="2023-09-01T08:54:00 IST" duration-ms="4734" status="PASS">
          <reporter-output>
          </reporter-output>
        </test-method> <!-- upload_attachment_from_the_downloaded_non_png_file -->
        <test-method is-config="true" signature="close_browser()[pri:0, instance:briq_B_assignment.upload_attachment_B_2@799f10e1]" started-at="2023-09-01T08:54:00 IST" name="close_browser" finished-at="2023-09-01T08:54:01 IST" duration-ms="672" status="PASS">
          <reporter-output>
          </reporter-output>
        </test-method> <!-- close_browser -->
      </class> <!-- briq_B_assignment.upload_attachment_B_2 -->
    </test> <!-- Default test -->
  </suite> <!-- Default suite -->
</testng-results>
